Copyright 1986-2018 Xilinx, Inc. All Rights Reserved.
----------------------------------------------------------------------------------------------------------------------------------------------------------------------
| Tool Version     : Vivado v.2018.3 (lin64) Build 2404976 Wed Dec  5 18:13:43 MST 2018
| Date             : Thu Dec  6 05:02:50 2018
| Host             : xcosswbld09 running 64-bit Red Hat Enterprise Linux Workstation release 7.2 (Maipo)
| Command          : report_power -file design_1_wrapper_power_routed.rpt -pb design_1_wrapper_power_summary_routed.pb -rpx design_1_wrapper_power_routed.rpx
| Design           : design_1_wrapper
| Device           : xczu7ev-ffvc1156-2-e
| Design State     : routed
| Grade            : extended
| Process          : typical
| Characterization : Production
----------------------------------------------------------------------------------------------------------------------------------------------------------------------

Power Report

Table of Contents
-----------------
1. Summary
1.1 On-Chip Components
1.2 Power Supply Summary
1.3 Confidence Level
2. Settings
2.1 Environment
2.2 Clock Constraints
3. Detailed Reports
3.1 By Hierarchy

1. Summary
----------

+--------------------------+--------------+
| Total On-Chip Power (W)  | 6.722        |
| Design Power Budget (W)  | Unspecified* |
| Power Budget Margin (W)  | NA           |
| Dynamic (W)              | 6.001        |
| Device Static (W)        | 0.721        |
| Effective TJA (C/W)      | 1.0          |
| Max Ambient (C)          | 93.5         |
| Junction Temperature (C) | 31.5         |
| Confidence Level         | Low          |
| Setting File             | ---          |
| Simulation Activity File | ---          |
| Design Nets Matched      | NA           |
+--------------------------+--------------+
* Specify Design Power Budget using, set_operating_conditions -design_power_budget <value in Watts>


1.1 On-Chip Components
----------------------

+--------------------------+-----------+----------+-----------+-----------------+
| On-Chip                  | Power (W) | Used     | Available | Utilization (%) |
+--------------------------+-----------+----------+-----------+-----------------+
| Clocks                   |     0.550 |       19 |       --- |             --- |
| CLB Logic                |     0.204 |   125705 |       --- |             --- |
|   LUT as Logic           |     0.113 |    39140 |    230400 |           16.99 |
|   LUT as Distributed RAM |     0.056 |     1768 |    101760 |            1.74 |
|   Register               |     0.020 |    64751 |    460800 |           14.05 |
|   LUT as Shift Register  |     0.013 |     2302 |    101760 |            2.26 |
|   CARRY8                 |     0.002 |      341 |     28800 |            1.18 |
|   BUFG                   |    <0.001 |        2 |        64 |            3.13 |
|   Others                 |    <0.001 |     3915 |       --- |             --- |
|   F7/F8 Muxes            |     0.000 |     1985 |    230400 |            0.86 |
| Signals                  |     0.350 |   131517 |       --- |             --- |
| Block RAM                |     0.262 |      135 |       312 |           43.27 |
| URAM                     |     0.162 |       50 |        96 |           52.08 |
| MMCM                     |     0.207 |        0 |       --- |             --- |
| PLL                      |     0.170 |        3 |       --- |             --- |
| DSPs                     |     0.001 |        5 |      1728 |            0.29 |
| I/O                      |     0.608 |      118 |       360 |           32.78 |
| PS8                      |     2.713 |        1 |       --- |             --- |
| Hard IPs                 |     0.771 |        1 |       --- |             --- |
|   VCU                    |     0.771 |        1 |         1 |          100.00 |
| Static Power             |     0.721 |          |           |                 |
|   PS Static              |     0.102 |          |           |                 |
|   PL Static              |     0.619 |          |           |                 |
| Total                    |     6.722 |          |           |                 |
+--------------------------+-----------+----------+-----------+-----------------+


1.2 Power Supply Summary
------------------------

+-----------------+-------------+-----------+-------------+------------+
| Source          | Voltage (V) | Total (A) | Dynamic (A) | Static (A) |
+-----------------+-------------+-----------+-------------+------------+
| Vccint          |       0.850 |     1.969 |       1.790 |      0.179 |
| Vccint_io       |       0.850 |     0.395 |       0.323 |      0.072 |
| Vccbram         |       0.850 |     0.022 |       0.019 |      0.003 |
| Vccaux          |       1.800 |     0.352 |       0.206 |      0.146 |
| Vccaux_io       |       1.800 |     0.188 |       0.132 |      0.055 |
| Vcco33          |       3.300 |     0.000 |       0.000 |      0.000 |
| Vcco25          |       2.500 |     0.000 |       0.000 |      0.000 |
| Vcco18          |       1.800 |     0.000 |       0.000 |      0.000 |
| Vcco15          |       1.500 |     0.000 |       0.000 |      0.000 |
| Vcco135         |       1.350 |     0.000 |       0.000 |      0.000 |
| Vcco12          |       1.200 |     0.079 |       0.079 |      0.000 |
| Vcco10          |       1.000 |     0.000 |       0.000 |      0.000 |
| Vccadc          |       1.800 |     0.008 |       0.000 |      0.008 |
| VCC_PSINTFP     |       0.850 |     1.116 |       1.078 |      0.038 |
| VCC_PSINTLP     |       0.850 |     0.276 |       0.268 |      0.008 |
| VPS_MGTRAVCC    |       0.850 |     0.139 |       0.138 |      0.001 |
| VCC_PSINTFP_DDR |       0.850 |     0.690 |       0.685 |      0.005 |
| VCC_PSPLL       |       1.200 |     0.084 |       0.082 |      0.002 |
| VPS_MGTRAVTT    |       1.800 |     0.034 |       0.033 |      0.001 |
| VCCO_PSDDR_504  |       1.200 |     0.620 |       0.586 |      0.034 |
| VCC_PSAUX       |       1.800 |     0.002 |       0.000 |      0.002 |
| VCC_PSBATT      |       1.200 |     0.000 |       0.000 |      0.000 |
| VCC_PSDDR_PLL   |       1.800 |     0.012 |       0.011 |      0.001 |
| VCCO_PSIO0_500  |       1.800 |     0.001 |       0.000 |      0.001 |
| VCCO_PSIO1_501  |       1.800 |     0.001 |       0.000 |      0.001 |
| VCCO_PSIO2_502  |       1.800 |     0.001 |       0.000 |      0.001 |
| VCCO_PSIO3_503  |       3.300 |     0.001 |       0.000 |      0.001 |
| VCC_PSADC       |       1.800 |     0.002 |       0.000 |      0.002 |
| VCCINT_VCU      |       0.900 |     0.872 |       0.842 |      0.030 |
| MGTAVcc         |       0.900 |     0.000 |       0.000 |      0.000 |
| MGTAVtt         |       1.200 |     0.000 |       0.000 |      0.000 |
| MGTVccaux       |       1.800 |     0.000 |       0.000 |      0.000 |
+-----------------+-------------+-----------+-------------+------------+


1.3 Confidence Level
--------------------

+-----------------------------+------------+--------------------------------------------------------+------------------------------------------------------------------------------------------------------------+
| User Input Data             | Confidence | Details                                                | Action                                                                                                     |
+-----------------------------+------------+--------------------------------------------------------+------------------------------------------------------------------------------------------------------------+
| Design implementation state | High       | Design is routed                                       |                                                                                                            |
| Clock nodes activity        | High       | User specified more than 95% of clocks                 |                                                                                                            |
| I/O nodes activity          | Low        | More than 75% of inputs are missing user specification | Provide missing input activity with simulation results or by editing the "By Resource Type -> I/Os" view   |
| Internal nodes activity     | Medium     | User specified less than 25% of internal nodes         | Provide missing internal nodes activity with simulation results or by editing the "By Resource Type" views |
| Device models               | High       | Device models are Production                           |                                                                                                            |
|                             |            |                                                        |                                                                                                            |
| Overall confidence level    | Low        |                                                        |                                                                                                            |
+-----------------------------+------------+--------------------------------------------------------+------------------------------------------------------------------------------------------------------------+


2. Settings
-----------

2.1 Environment
---------------

+-----------------------+--------------------------+
| Ambient Temp (C)      | 25.0                     |
| ThetaJA (C/W)         | 1.0                      |
| Airflow (LFM)         | 250                      |
| Heat Sink             | medium (Medium Profile)  |
| ThetaSA (C/W)         | 1.5                      |
| Board Selection       | medium (10"x10")         |
| # of Board Layers     | 12to15 (12 to 15 Layers) |
| Board Temperature (C) | 25.0                     |
+-----------------------+--------------------------+


2.2 Clock Constraints
---------------------

+-----------------------------------------------------------------------------------------------------+------------------------------------------------------------------------------------------------------------------------------------------------------------------------------------------------------------------------------------------------------------+-----------------+
| Clock                                                                                               | Domain                                                                                                                                                                                                                                                     | Constraint (ns) |
+-----------------------------------------------------------------------------------------------------+------------------------------------------------------------------------------------------------------------------------------------------------------------------------------------------------------------------------------------------------------------+-----------------+
| clk_out1_design_1_clk_wiz_0_0                                                                       | design_1_i/clk_wiz_0/inst/clk_out1_design_1_clk_wiz_0_0                                                                                                                                                                                                    |            30.0 |
| clk_out2_design_1_clk_wiz_0_0                                                                       | design_1_i/clk_wiz_0/inst/clk_out2_design_1_clk_wiz_0_0                                                                                                                                                                                                    |             3.0 |
| clk_out3_design_1_clk_wiz_0_0                                                                       | design_1_i/clk_wiz_0/inst/clk_out3_design_1_clk_wiz_0_0                                                                                                                                                                                                    |            10.1 |
| clk_pl_0                                                                                            | design_1_i/zynq_ultra_ps_e_0/inst/pl_clk0                                                                                                                                                                                                                  |            10.0 |
| clk_pl_0                                                                                            | design_1_i/zynq_ultra_ps_e_0/inst/pl_clk_unbuffered[0]                                                                                                                                                                                                     |            10.0 |
| dbg_hub/inst/BSCANID.u_xsdbm_id/SWITCH_N_EXT_BSCAN.bscan_inst/SERIES7_BSCAN.bscan_inst/INTERNAL_TCK | dbg_hub/inst/BSCANID.u_xsdbm_id/SWITCH_N_EXT_BSCAN.bscan_inst/in0                                                                                                                                                                                          |            50.0 |
| mig_sys_clk_p[0]                                                                                    | mig_sys_clk_p[0]                                                                                                                                                                                                                                           |             3.3 |
| mmcm_clkout0                                                                                        | design_1_i/vcu_ddr4_controller_0/inst/i_DDR4Ctrl/i_SdramPhyUltrascale_0/i_ddr4_0/inst/u_ddr4_infrastructure/mmcm_clkout0                                                                                                                                   |             3.8 |
| mmcm_clkout2                                                                                        | design_1_i/vcu_ddr4_controller_0/inst/i_DDR4Ctrl/i_SdramPhyUltrascale_0/i_ddr4_0/inst/u_ddr4_infrastructure/mmcm_clkout2                                                                                                                                   |             3.8 |
| mmcm_clkout5                                                                                        | design_1_i/vcu_ddr4_controller_0/inst/i_DDR4Ctrl/i_SdramPhyUltrascale_0/i_ddr4_0/inst/u_ddr4_infrastructure/mmcm_clkout5                                                                                                                                   |            15.0 |
| mmcm_clkout6                                                                                        | design_1_i/vcu_ddr4_controller_0/inst/i_DDR4Ctrl/i_SdramPhyUltrascale_0/i_ddr4_0/inst/u_ddr4_infrastructure/mmcm_clkout6                                                                                                                                   |             7.5 |
| pll_clk[0]                                                                                          | design_1_i/vcu_ddr4_controller_0/inst/i_DDR4Ctrl/i_SdramPhyUltrascale_0/i_ddr4_0/inst/u_mig_ddr4_phy/inst/u_ddr4_phy_pll/pll_clk[0]                                                                                                                        |             0.5 |
| pll_clk[0]_DIV                                                                                      | design_1_i/vcu_ddr4_controller_0/inst/i_DDR4Ctrl/i_SdramPhyUltrascale_0/i_ddr4_0/inst/u_mig_ddr4_phy/inst/generate_block1.u_ddr_xiphy/byte_num[0].xiphy_byte_wrapper.u_xiphy_byte_wrapper/I_CONTROL[0].GEN_I_CONTROL.u_xiphy_control/TX_BIT_CTRL_OUT2[26]  |             3.8 |
| pll_clk[1]                                                                                          | design_1_i/vcu_ddr4_controller_0/inst/i_DDR4Ctrl/i_SdramPhyUltrascale_0/i_ddr4_0/inst/u_mig_ddr4_phy/inst/u_ddr4_phy_pll/pll_clk[1]                                                                                                                        |             0.5 |
| pll_clk[1]_DIV                                                                                      | design_1_i/vcu_ddr4_controller_0/inst/i_DDR4Ctrl/i_SdramPhyUltrascale_0/i_ddr4_0/inst/u_mig_ddr4_phy/inst/generate_block1.u_ddr_xiphy/byte_num[3].xiphy_byte_wrapper.u_xiphy_byte_wrapper/I_CONTROL[0].GEN_I_CONTROL.u_xiphy_control/TX_BIT_CTRL_OUT0[26]  |             3.8 |
| pll_clk[2]                                                                                          | design_1_i/vcu_ddr4_controller_0/inst/i_DDR4Ctrl/i_SdramPhyUltrascale_0/i_ddr4_0/inst/u_mig_ddr4_phy/inst/u_ddr4_phy_pll/pll_clk[2]                                                                                                                        |             0.5 |
| pll_clk[2]_DIV                                                                                      | design_1_i/vcu_ddr4_controller_0/inst/i_DDR4Ctrl/i_SdramPhyUltrascale_0/i_ddr4_0/inst/u_mig_ddr4_phy/inst/generate_block1.u_ddr_xiphy/byte_num[10].xiphy_byte_wrapper.u_xiphy_byte_wrapper/I_CONTROL[0].GEN_I_CONTROL.u_xiphy_control/TX_BIT_CTRL_OUT0[26] |             3.8 |
+-----------------------------------------------------------------------------------------------------+------------------------------------------------------------------------------------------------------------------------------------------------------------------------------------------------------------------------------------------------------------+-----------------+


3. Detailed Reports
-------------------

3.1 By Hierarchy
----------------

+---------------------------+-----------+
| Name                      | Power (W) |
+---------------------------+-----------+
| design_1_wrapper          |     6.001 |
|   dbg_hub                 |     0.002 |
|     inst                  |     0.002 |
|       BSCANID.u_xsdbm_id  |     0.002 |
|   design_1_i              |     5.998 |
|     axi_interconnect_0    |     0.013 |
|       s00_couplers        |     0.013 |
|     axi_interconnect_1    |     0.107 |
|       m00_couplers        |     0.045 |
|       m01_couplers        |     0.015 |
|       s00_couplers        |     0.017 |
|       s00_mmu             |     0.006 |
|       xbar                |     0.024 |
|     axi_interconnect_2    |     0.013 |
|       s00_couplers        |     0.013 |
|     axi_interconnect_3    |     0.092 |
|       m00_couplers        |     0.044 |
|       m01_couplers        |     0.009 |
|       s00_couplers        |     0.012 |
|       s00_mmu             |     0.006 |
|       xbar                |     0.020 |
|     axi_interconnect_5    |     0.079 |
|       m00_couplers        |     0.035 |
|       m01_couplers        |     0.007 |
|       s00_couplers        |     0.024 |
|       s00_mmu             |     0.004 |
|       xbar                |     0.009 |
|     axi_interconnect_6    |     0.040 |
|       m00_couplers        |     0.011 |
|       s00_couplers        |     0.003 |
|       s00_mmu             |     0.001 |
|       s01_couplers        |     0.011 |
|       xbar                |     0.013 |
|     axi_interconnect_hp0  |     0.034 |
|       s00_couplers        |     0.034 |
|     axi_interconnect_hpm0 |     0.019 |
|       m01_couplers        |     0.003 |
|       m02_couplers        |     0.003 |
|       s00_couplers        |     0.012 |
|       xbar                |     0.002 |
|     axi_interconnect_hpm1 |     0.052 |
|       s00_couplers        |     0.052 |
|     clk_wiz_0             |     0.089 |
|       inst                |     0.089 |
|     v_frmbuf_rd_0         |     0.163 |
|       inst                |     0.163 |
|     v_frmbuf_wr_0         |     0.141 |
|       inst                |     0.141 |
|     vcu_0                 |     1.005 |
|       inst                |     1.005 |
|     vcu_ddr4_controller_0 |     1.404 |
|       inst                |     1.404 |
|     zynq_ultra_ps_e_0     |     2.746 |
|       inst                |     2.746 |
+---------------------------+-----------+


